[2017-03-15 02:40:52] lumen.ERROR: ErrorException: file_put_contents(/92f3fbe73da1ee99ae6ae94d1cd1378cdbc63fd8.php): failed to open stream: Permission denied in /data/www/API-On-Lumen/vendor/illuminate/filesystem/Filesystem.php:81
Stack trace:
#0 [internal function]: Laravel\Lumen\Application->Laravel\Lumen\Concerns\{closure}(2, 'file_put_conten...', '/data/www/API-O...', 81, Array)
#1 /data/www/API-On-Lumen/vendor/illuminate/filesystem/Filesystem.php(81): file_put_contents('/92f3fbe73da1ee...', '<!DOCTYPE html>...', 0)
#2 /data/www/API-On-Lumen/vendor/illuminate/view/Compilers/BladeCompiler.php(102): Illuminate\Filesystem\Filesystem->put('/92f3fbe73da1ee...', '<!DOCTYPE html>...')
#3 /data/www/API-On-Lumen/vendor/illuminate/view/Engines/CompilerEngine.php(51): Illuminate\View\Compilers\BladeCompiler->compile('/data/www/API-O...')
#4 /data/www/API-On-Lumen/vendor/illuminate/view/View.php(147): Illuminate\View\Engines\CompilerEngine->get('/data/www/API-O...', Array)
#5 /data/www/API-On-Lumen/vendor/illuminate/view/View.php(118): Illuminate\View\View->getContents()
#6 /data/www/API-On-Lumen/vendor/illuminate/view/View.php(83): Illuminate\View\View->renderContents()
#7 /data/www/API-On-Lumen/vendor/illuminate/http/Response.php(53): Illuminate\View\View->render()
#8 /data/www/API-On-Lumen/vendor/symfony/http-foundation/Response.php(199): Illuminate\Http\Response->setContent(Object(Illuminate\View\View))
#9 /data/www/API-On-Lumen/vendor/laravel/lumen-framework/src/Http/ResponseFactory.php(23): Symfony\Component\HttpFoundation\Response->__construct(Object(Illuminate\View\View), 200, Array)
#10 /data/www/API-On-Lumen/vendor/laravel/lumen-framework/src/helpers.php(267): Laravel\Lumen\Http\ResponseFactory->make(Object(Illuminate\View\View), 200, Array)
#11 /data/www/API-On-Lumen/app/Http/Controllers/Controller.php(117): response(Object(Illuminate\View\View))
#12 /data/www/API-On-Lumen/app/Http/Controllers/LoginController.php(33): App\Http\Controllers\Controller->display('login_index')
#13 [internal function]: App\Http\Controllers\LoginController->index(Object(Illuminate\Http\Request))
#14 /data/www/API-On-Lumen/vendor/illuminate/container/Container.php(507): call_user_func_array(Array, Array)
#15 /data/www/API-On-Lumen/vendor/laravel/lumen-framework/src/Concerns/RoutesRequests.php(581): Illuminate\Container\Container->call(Array, Array)
#16 /data/www/API-On-Lumen/vendor/laravel/lumen-framework/src/Concerns/RoutesRequests.php(547): Laravel\Lumen\Application->callControllerCallable(Array, Array)
#17 /data/www/API-On-Lumen/vendor/laravel/lumen-framework/src/Concerns/RoutesRequests.php(521): Laravel\Lumen\Application->callLumenController(Object(App\Http\Controllers\LoginController), 'index', Array)
#18 /data/www/API-On-Lumen/vendor/laravel/lumen-framework/src/Concerns/RoutesRequests.php(489): Laravel\Lumen\Application->callControllerAction(Array)
#19 /data/www/API-On-Lumen/vendor/laravel/lumen-framework/src/Concerns/RoutesRequests.php(474): Laravel\Lumen\Application->callActionOnArrayBasedRoute(Array)
#20 /data/www/API-On-Lumen/vendor/laravel/lumen-framework/src/Concerns/RoutesRequests.php(376): Laravel\Lumen\Application->handleFoundRoute(Array)
#21 /data/www/API-On-Lumen/vendor/laravel/lumen-framework/src/Concerns/RoutesRequests.php(624): Laravel\Lumen\Application->Laravel\Lumen\Concerns\{closure}()
#22 /data/www/API-On-Lumen/vendor/laravel/lumen-framework/src/Concerns/RoutesRequests.php(382): Laravel\Lumen\Application->sendThroughPipeline(Array, Object(Closure))
#23 /data/www/API-On-Lumen/vendor/laravel/lumen-framework/src/Concerns/RoutesRequests.php(327): Laravel\Lumen\Application->dispatch(NULL)
#24 /data/www/API-On-Lumen/public/index.php(30): Laravel\Lumen\Application->run()
#25 {main}  
[2017-03-15 02:40:57] lumen.ERROR: ErrorException: file_put_contents(/92f3fbe73da1ee99ae6ae94d1cd1378cdbc63fd8.php): failed to open stream: Permission denied in /data/www/API-On-Lumen/vendor/illuminate/filesystem/Filesystem.php:81
Stack trace:
#0 [internal function]: Laravel\Lumen\Application->Laravel\Lumen\Concerns\{closure}(2, 'file_put_conten...', '/data/www/API-O...', 81, Array)
#1 /data/www/API-On-Lumen/vendor/illuminate/filesystem/Filesystem.php(81): file_put_contents('/92f3fbe73da1ee...', '<!DOCTYPE html>...', 0)
#2 /data/www/API-On-Lumen/vendor/illuminate/view/Compilers/BladeCompiler.php(102): Illuminate\Filesystem\Filesystem->put('/92f3fbe73da1ee...', '<!DOCTYPE html>...')
#3 /data/www/API-On-Lumen/vendor/illuminate/view/Engines/CompilerEngine.php(51): Illuminate\View\Compilers\BladeCompiler->compile('/data/www/API-O...')
#4 /data/www/API-On-Lumen/vendor/illuminate/view/View.php(147): Illuminate\View\Engines\CompilerEngine->get('/data/www/API-O...', Array)
#5 /data/www/API-On-Lumen/vendor/illuminate/view/View.php(118): Illuminate\View\View->getContents()
#6 /data/www/API-On-Lumen/vendor/illuminate/view/View.php(83): Illuminate\View\View->renderContents()
#7 /data/www/API-On-Lumen/vendor/illuminate/http/Response.php(53): Illuminate\View\View->render()
#8 /data/www/API-On-Lumen/vendor/symfony/http-foundation/Response.php(199): Illuminate\Http\Response->setContent(Object(Illuminate\View\View))
#9 /data/www/API-On-Lumen/vendor/laravel/lumen-framework/src/Http/ResponseFactory.php(23): Symfony\Component\HttpFoundation\Response->__construct(Object(Illuminate\View\View), 200, Array)
#10 /data/www/API-On-Lumen/vendor/laravel/lumen-framework/src/helpers.php(267): Laravel\Lumen\Http\ResponseFactory->make(Object(Illuminate\View\View), 200, Array)
#11 /data/www/API-On-Lumen/app/Http/Controllers/Controller.php(117): response(Object(Illuminate\View\View))
#12 /data/www/API-On-Lumen/app/Http/Controllers/LoginController.php(33): App\Http\Controllers\Controller->display('login_index')
#13 [internal function]: App\Http\Controllers\LoginController->index(Object(Illuminate\Http\Request))
#14 /data/www/API-On-Lumen/vendor/illuminate/container/Container.php(507): call_user_func_array(Array, Array)
#15 /data/www/API-On-Lumen/vendor/laravel/lumen-framework/src/Concerns/RoutesRequests.php(581): Illuminate\Container\Container->call(Array, Array)
#16 /data/www/API-On-Lumen/vendor/laravel/lumen-framework/src/Concerns/RoutesRequests.php(547): Laravel\Lumen\Application->callControllerCallable(Array, Array)
#17 /data/www/API-On-Lumen/vendor/laravel/lumen-framework/src/Concerns/RoutesRequests.php(521): Laravel\Lumen\Application->callLumenController(Object(App\Http\Controllers\LoginController), 'index', Array)
#18 /data/www/API-On-Lumen/vendor/laravel/lumen-framework/src/Concerns/RoutesRequests.php(489): Laravel\Lumen\Application->callControllerAction(Array)
#19 /data/www/API-On-Lumen/vendor/laravel/lumen-framework/src/Concerns/RoutesRequests.php(474): Laravel\Lumen\Application->callActionOnArrayBasedRoute(Array)
#20 /data/www/API-On-Lumen/vendor/laravel/lumen-framework/src/Concerns/RoutesRequests.php(376): Laravel\Lumen\Application->handleFoundRoute(Array)
#21 /data/www/API-On-Lumen/vendor/laravel/lumen-framework/src/Concerns/RoutesRequests.php(624): Laravel\Lumen\Application->Laravel\Lumen\Concerns\{closure}()
#22 /data/www/API-On-Lumen/vendor/laravel/lumen-framework/src/Concerns/RoutesRequests.php(382): Laravel\Lumen\Application->sendThroughPipeline(Array, Object(Closure))
#23 /data/www/API-On-Lumen/vendor/laravel/lumen-framework/src/Concerns/RoutesRequests.php(327): Laravel\Lumen\Application->dispatch(NULL)
#24 /data/www/API-On-Lumen/public/index.php(30): Laravel\Lumen\Application->run()
#25 {main}  
[2017-03-15 02:41:29] lumen.ERROR: ErrorException: file_put_contents(/92f3fbe73da1ee99ae6ae94d1cd1378cdbc63fd8.php): failed to open stream: Permission denied in /data/www/API-On-Lumen/vendor/illuminate/filesystem/Filesystem.php:81
Stack trace:
#0 [internal function]: Laravel\Lumen\Application->Laravel\Lumen\Concerns\{closure}(2, 'file_put_conten...', '/data/www/API-O...', 81, Array)
#1 /data/www/API-On-Lumen/vendor/illuminate/filesystem/Filesystem.php(81): file_put_contents('/92f3fbe73da1ee...', '<!DOCTYPE html>...', 0)
#2 /data/www/API-On-Lumen/vendor/illuminate/view/Compilers/BladeCompiler.php(102): Illuminate\Filesystem\Filesystem->put('/92f3fbe73da1ee...', '<!DOCTYPE html>...')
#3 /data/www/API-On-Lumen/vendor/illuminate/view/Engines/CompilerEngine.php(51): Illuminate\View\Compilers\BladeCompiler->compile('/data/www/API-O...')
#4 /data/www/API-On-Lumen/vendor/illuminate/view/View.php(147): Illuminate\View\Engines\CompilerEngine->get('/data/www/API-O...', Array)
#5 /data/www/API-On-Lumen/vendor/illuminate/view/View.php(118): Illuminate\View\View->getContents()
#6 /data/www/API-On-Lumen/vendor/illuminate/view/View.php(83): Illuminate\View\View->renderContents()
#7 /data/www/API-On-Lumen/vendor/illuminate/http/Response.php(53): Illuminate\View\View->render()
#8 /data/www/API-On-Lumen/vendor/symfony/http-foundation/Response.php(199): Illuminate\Http\Response->setContent(Object(Illuminate\View\View))
#9 /data/www/API-On-Lumen/vendor/laravel/lumen-framework/src/Http/ResponseFactory.php(23): Symfony\Component\HttpFoundation\Response->__construct(Object(Illuminate\View\View), 200, Array)
#10 /data/www/API-On-Lumen/vendor/laravel/lumen-framework/src/helpers.php(267): Laravel\Lumen\Http\ResponseFactory->make(Object(Illuminate\View\View), 200, Array)
#11 /data/www/API-On-Lumen/app/Http/Controllers/Controller.php(117): response(Object(Illuminate\View\View))
#12 /data/www/API-On-Lumen/app/Http/Controllers/LoginController.php(33): App\Http\Controllers\Controller->display('login_index')
#13 [internal function]: App\Http\Controllers\LoginController->index(Object(Illuminate\Http\Request))
#14 /data/www/API-On-Lumen/vendor/illuminate/container/Container.php(507): call_user_func_array(Array, Array)
#15 /data/www/API-On-Lumen/vendor/laravel/lumen-framework/src/Concerns/RoutesRequests.php(581): Illuminate\Container\Container->call(Array, Array)
#16 /data/www/API-On-Lumen/vendor/laravel/lumen-framework/src/Concerns/RoutesRequests.php(547): Laravel\Lumen\Application->callControllerCallable(Array, Array)
#17 /data/www/API-On-Lumen/vendor/laravel/lumen-framework/src/Concerns/RoutesRequests.php(521): Laravel\Lumen\Application->callLumenController(Object(App\Http\Controllers\LoginController), 'index', Array)
#18 /data/www/API-On-Lumen/vendor/laravel/lumen-framework/src/Concerns/RoutesRequests.php(489): Laravel\Lumen\Application->callControllerAction(Array)
#19 /data/www/API-On-Lumen/vendor/laravel/lumen-framework/src/Concerns/RoutesRequests.php(474): Laravel\Lumen\Application->callActionOnArrayBasedRoute(Array)
#20 /data/www/API-On-Lumen/vendor/laravel/lumen-framework/src/Concerns/RoutesRequests.php(376): Laravel\Lumen\Application->handleFoundRoute(Array)
#21 /data/www/API-On-Lumen/vendor/laravel/lumen-framework/src/Concerns/RoutesRequests.php(624): Laravel\Lumen\Application->Laravel\Lumen\Concerns\{closure}()
#22 /data/www/API-On-Lumen/vendor/laravel/lumen-framework/src/Concerns/RoutesRequests.php(382): Laravel\Lumen\Application->sendThroughPipeline(Array, Object(Closure))
#23 /data/www/API-On-Lumen/vendor/laravel/lumen-framework/src/Concerns/RoutesRequests.php(327): Laravel\Lumen\Application->dispatch(NULL)
#24 /data/www/API-On-Lumen/public/index.php(30): Laravel\Lumen\Application->run()
#25 {main}  
[2017-03-15 02:46:10] lumen.ERROR: ErrorException: Undefined variable: model in /data/www/API-On-Lumen/app/Http/Controllers/ProjectController.php:119
Stack trace:
#0 /data/www/API-On-Lumen/app/Http/Controllers/ProjectController.php(119): Laravel\Lumen\Application->Laravel\Lumen\Concerns\{closure}(8, 'Undefined varia...', '/data/www/API-O...', 119, Array)
#1 [internal function]: App\Http\Controllers\ProjectController->data('list')
#2 /data/www/API-On-Lumen/vendor/illuminate/container/Container.php(507): call_user_func_array(Array, Array)
#3 /data/www/API-On-Lumen/vendor/laravel/lumen-framework/src/Concerns/RoutesRequests.php(581): Illuminate\Container\Container->call(Array, Array)
#4 /data/www/API-On-Lumen/vendor/laravel/lumen-framework/src/Concerns/RoutesRequests.php(547): Laravel\Lumen\Application->callControllerCallable(Array, Array)
#5 /data/www/API-On-Lumen/vendor/laravel/lumen-framework/src/Concerns/RoutesRequests.php(521): Laravel\Lumen\Application->callLumenController(Object(App\Http\Controllers\ProjectController), 'data', Array)
#6 /data/www/API-On-Lumen/vendor/laravel/lumen-framework/src/Concerns/RoutesRequests.php(489): Laravel\Lumen\Application->callControllerAction(Array)
#7 /data/www/API-On-Lumen/vendor/laravel/lumen-framework/src/Concerns/RoutesRequests.php(474): Laravel\Lumen\Application->callActionOnArrayBasedRoute(Array)
#8 /data/www/API-On-Lumen/vendor/laravel/lumen-framework/src/Concerns/RoutesRequests.php(448): Laravel\Lumen\Application->handleFoundRoute(Array)
#9 /data/www/API-On-Lumen/vendor/laravel/lumen-framework/src/Concerns/RoutesRequests.php(380): Laravel\Lumen\Application->handleDispatcherResponse(Array)
#10 /data/www/API-On-Lumen/vendor/laravel/lumen-framework/src/Concerns/RoutesRequests.php(624): Laravel\Lumen\Application->Laravel\Lumen\Concerns\{closure}()
#11 /data/www/API-On-Lumen/vendor/laravel/lumen-framework/src/Concerns/RoutesRequests.php(382): Laravel\Lumen\Application->sendThroughPipeline(Array, Object(Closure))
#12 /data/www/API-On-Lumen/vendor/laravel/lumen-framework/src/Concerns/RoutesRequests.php(327): Laravel\Lumen\Application->dispatch(NULL)
#13 /data/www/API-On-Lumen/public/index.php(30): Laravel\Lumen\Application->run()
#14 {main}  
[2017-03-15 08:28:06] lumen.ERROR: ErrorException: Undefined variable: model in /data/www/API-On-Lumen/app/Http/Controllers/ProjectController.php:119
Stack trace:
#0 /data/www/API-On-Lumen/app/Http/Controllers/ProjectController.php(119): Laravel\Lumen\Application->Laravel\Lumen\Concerns\{closure}(8, 'Undefined varia...', '/data/www/API-O...', 119, Array)
#1 [internal function]: App\Http\Controllers\ProjectController->data('list')
#2 /data/www/API-On-Lumen/vendor/illuminate/container/Container.php(507): call_user_func_array(Array, Array)
#3 /data/www/API-On-Lumen/vendor/laravel/lumen-framework/src/Concerns/RoutesRequests.php(581): Illuminate\Container\Container->call(Array, Array)
#4 /data/www/API-On-Lumen/vendor/laravel/lumen-framework/src/Concerns/RoutesRequests.php(547): Laravel\Lumen\Application->callControllerCallable(Array, Array)
#5 /data/www/API-On-Lumen/vendor/laravel/lumen-framework/src/Concerns/RoutesRequests.php(521): Laravel\Lumen\Application->callLumenController(Object(App\Http\Controllers\ProjectController), 'data', Array)
#6 /data/www/API-On-Lumen/vendor/laravel/lumen-framework/src/Concerns/RoutesRequests.php(489): Laravel\Lumen\Application->callControllerAction(Array)
#7 /data/www/API-On-Lumen/vendor/laravel/lumen-framework/src/Concerns/RoutesRequests.php(474): Laravel\Lumen\Application->callActionOnArrayBasedRoute(Array)
#8 /data/www/API-On-Lumen/vendor/laravel/lumen-framework/src/Concerns/RoutesRequests.php(448): Laravel\Lumen\Application->handleFoundRoute(Array)
#9 /data/www/API-On-Lumen/vendor/laravel/lumen-framework/src/Concerns/RoutesRequests.php(380): Laravel\Lumen\Application->handleDispatcherResponse(Array)
#10 /data/www/API-On-Lumen/vendor/laravel/lumen-framework/src/Concerns/RoutesRequests.php(624): Laravel\Lumen\Application->Laravel\Lumen\Concerns\{closure}()
#11 /data/www/API-On-Lumen/vendor/laravel/lumen-framework/src/Concerns/RoutesRequests.php(382): Laravel\Lumen\Application->sendThroughPipeline(Array, Object(Closure))
#12 /data/www/API-On-Lumen/vendor/laravel/lumen-framework/src/Concerns/RoutesRequests.php(327): Laravel\Lumen\Application->dispatch(NULL)
#13 /data/www/API-On-Lumen/public/index.php(30): Laravel\Lumen\Application->run()
#14 {main}  
[2017-03-15 08:28:09] lumen.ERROR: Symfony\Component\Debug\Exception\FatalThrowableError: Fatal error: Call to undefined method App\Helper\SecurityHelper::authorization() in /data/www/API-On-Lumen/app/Http/Controllers/ProjectController.php:95
Stack trace:
#0 [internal function]: App\Http\Controllers\ProjectController->apiDebug('channel-detail')
#1 /data/www/API-On-Lumen/vendor/illuminate/container/Container.php(507): call_user_func_array(Array, Array)
#2 /data/www/API-On-Lumen/vendor/laravel/lumen-framework/src/Concerns/RoutesRequests.php(581): Illuminate\Container\Container->call(Array, Array)
#3 /data/www/API-On-Lumen/vendor/laravel/lumen-framework/src/Concerns/RoutesRequests.php(547): Laravel\Lumen\Application->callControllerCallable(Array, Array)
#4 /data/www/API-On-Lumen/vendor/laravel/lumen-framework/src/Concerns/RoutesRequests.php(521): Laravel\Lumen\Application->callLumenController(Object(App\Http\Controllers\ProjectController), 'apiDebug', Array)
#5 /data/www/API-On-Lumen/vendor/laravel/lumen-framework/src/Concerns/RoutesRequests.php(489): Laravel\Lumen\Application->callControllerAction(Array)
#6 /data/www/API-On-Lumen/vendor/laravel/lumen-framework/src/Concerns/RoutesRequests.php(474): Laravel\Lumen\Application->callActionOnArrayBasedRoute(Array)
#7 /data/www/API-On-Lumen/vendor/laravel/lumen-framework/src/Concerns/RoutesRequests.php(448): Laravel\Lumen\Application->handleFoundRoute(Array)
#8 /data/www/API-On-Lumen/vendor/laravel/lumen-framework/src/Concerns/RoutesRequests.php(380): Laravel\Lumen\Application->handleDispatcherResponse(Array)
#9 /data/www/API-On-Lumen/vendor/laravel/lumen-framework/src/Concerns/RoutesRequests.php(624): Laravel\Lumen\Application->Laravel\Lumen\Concerns\{closure}()
#10 /data/www/API-On-Lumen/vendor/laravel/lumen-framework/src/Concerns/RoutesRequests.php(382): Laravel\Lumen\Application->sendThroughPipeline(Array, Object(Closure))
#11 /data/www/API-On-Lumen/vendor/laravel/lumen-framework/src/Concerns/RoutesRequests.php(327): Laravel\Lumen\Application->dispatch(NULL)
#12 /data/www/API-On-Lumen/public/index.php(30): Laravel\Lumen\Application->run()
#13 {main}  
[2017-03-24 15:13:50] lumen.ERROR: ErrorException: Undefined variable: model in D:\www\be.doopp.com\app\Http\Controllers\ProjectController.php:119
Stack trace:
#0 D:\www\be.doopp.com\app\Http\Controllers\ProjectController.php(119): Laravel\Lumen\Application->Laravel\Lumen\Concerns\{closure}(8, 'Undefined varia...', 'D:\\www\\be.doopp...', 119, Array)
#1 [internal function]: App\Http\Controllers\ProjectController->data('list')
#2 D:\www\be.doopp.com\vendor\illuminate\container\Container.php(507): call_user_func_array(Array, Array)
#3 D:\www\be.doopp.com\vendor\laravel\lumen-framework\src\Concerns\RoutesRequests.php(581): Illuminate\Container\Container->call(Array, Array)
#4 D:\www\be.doopp.com\vendor\laravel\lumen-framework\src\Concerns\RoutesRequests.php(547): Laravel\Lumen\Application->callControllerCallable(Array, Array)
#5 D:\www\be.doopp.com\vendor\laravel\lumen-framework\src\Concerns\RoutesRequests.php(521): Laravel\Lumen\Application->callLumenController(Object(App\Http\Controllers\ProjectController), 'data', Array)
#6 D:\www\be.doopp.com\vendor\laravel\lumen-framework\src\Concerns\RoutesRequests.php(489): Laravel\Lumen\Application->callControllerAction(Array)
#7 D:\www\be.doopp.com\vendor\laravel\lumen-framework\src\Concerns\RoutesRequests.php(474): Laravel\Lumen\Application->callActionOnArrayBasedRoute(Array)
#8 D:\www\be.doopp.com\vendor\laravel\lumen-framework\src\Concerns\RoutesRequests.php(448): Laravel\Lumen\Application->handleFoundRoute(Array)
#9 D:\www\be.doopp.com\vendor\laravel\lumen-framework\src\Concerns\RoutesRequests.php(380): Laravel\Lumen\Application->handleDispatcherResponse(Array)
#10 D:\www\be.doopp.com\vendor\laravel\lumen-framework\src\Concerns\RoutesRequests.php(624): Laravel\Lumen\Application->Laravel\Lumen\Concerns\{closure}()
#11 D:\www\be.doopp.com\vendor\laravel\lumen-framework\src\Concerns\RoutesRequests.php(382): Laravel\Lumen\Application->sendThroughPipeline(Array, Object(Closure))
#12 D:\www\be.doopp.com\vendor\laravel\lumen-framework\src\Concerns\RoutesRequests.php(327): Laravel\Lumen\Application->dispatch(NULL)
#13 D:\www\be.doopp.com\public\index.php(30): Laravel\Lumen\Application->run()
#14 {main}  
[2017-03-24 15:14:31] lumen.ERROR: ErrorException: Undefined variable: model in D:\www\be.doopp.com\app\Http\Controllers\ProjectController.php:119
Stack trace:
#0 D:\www\be.doopp.com\app\Http\Controllers\ProjectController.php(119): Laravel\Lumen\Application->Laravel\Lumen\Concerns\{closure}(8, 'Undefined varia...', 'D:\\www\\be.doopp...', 119, Array)
#1 [internal function]: App\Http\Controllers\ProjectController->data('list')
#2 D:\www\be.doopp.com\vendor\illuminate\container\Container.php(507): call_user_func_array(Array, Array)
#3 D:\www\be.doopp.com\vendor\laravel\lumen-framework\src\Concerns\RoutesRequests.php(581): Illuminate\Container\Container->call(Array, Array)
#4 D:\www\be.doopp.com\vendor\laravel\lumen-framework\src\Concerns\RoutesRequests.php(547): Laravel\Lumen\Application->callControllerCallable(Array, Array)
#5 D:\www\be.doopp.com\vendor\laravel\lumen-framework\src\Concerns\RoutesRequests.php(521): Laravel\Lumen\Application->callLumenController(Object(App\Http\Controllers\ProjectController), 'data', Array)
#6 D:\www\be.doopp.com\vendor\laravel\lumen-framework\src\Concerns\RoutesRequests.php(489): Laravel\Lumen\Application->callControllerAction(Array)
#7 D:\www\be.doopp.com\vendor\laravel\lumen-framework\src\Concerns\RoutesRequests.php(474): Laravel\Lumen\Application->callActionOnArrayBasedRoute(Array)
#8 D:\www\be.doopp.com\vendor\laravel\lumen-framework\src\Concerns\RoutesRequests.php(448): Laravel\Lumen\Application->handleFoundRoute(Array)
#9 D:\www\be.doopp.com\vendor\laravel\lumen-framework\src\Concerns\RoutesRequests.php(380): Laravel\Lumen\Application->handleDispatcherResponse(Array)
#10 D:\www\be.doopp.com\vendor\laravel\lumen-framework\src\Concerns\RoutesRequests.php(624): Laravel\Lumen\Application->Laravel\Lumen\Concerns\{closure}()
#11 D:\www\be.doopp.com\vendor\laravel\lumen-framework\src\Concerns\RoutesRequests.php(382): Laravel\Lumen\Application->sendThroughPipeline(Array, Object(Closure))
#12 D:\www\be.doopp.com\vendor\laravel\lumen-framework\src\Concerns\RoutesRequests.php(327): Laravel\Lumen\Application->dispatch(NULL)
#13 D:\www\be.doopp.com\public\index.php(30): Laravel\Lumen\Application->run()
#14 {main}  
[2017-03-24 15:14:52] lumen.ERROR: ErrorException: Undefined variable: model in D:\www\be.doopp.com\app\Http\Controllers\ProjectController.php:119
Stack trace:
#0 D:\www\be.doopp.com\app\Http\Controllers\ProjectController.php(119): Laravel\Lumen\Application->Laravel\Lumen\Concerns\{closure}(8, 'Undefined varia...', 'D:\\www\\be.doopp...', 119, Array)
#1 [internal function]: App\Http\Controllers\ProjectController->data('list')
#2 D:\www\be.doopp.com\vendor\illuminate\container\Container.php(507): call_user_func_array(Array, Array)
#3 D:\www\be.doopp.com\vendor\laravel\lumen-framework\src\Concerns\RoutesRequests.php(581): Illuminate\Container\Container->call(Array, Array)
#4 D:\www\be.doopp.com\vendor\laravel\lumen-framework\src\Concerns\RoutesRequests.php(547): Laravel\Lumen\Application->callControllerCallable(Array, Array)
#5 D:\www\be.doopp.com\vendor\laravel\lumen-framework\src\Concerns\RoutesRequests.php(521): Laravel\Lumen\Application->callLumenController(Object(App\Http\Controllers\ProjectController), 'data', Array)
#6 D:\www\be.doopp.com\vendor\laravel\lumen-framework\src\Concerns\RoutesRequests.php(489): Laravel\Lumen\Application->callControllerAction(Array)
#7 D:\www\be.doopp.com\vendor\laravel\lumen-framework\src\Concerns\RoutesRequests.php(474): Laravel\Lumen\Application->callActionOnArrayBasedRoute(Array)
#8 D:\www\be.doopp.com\vendor\laravel\lumen-framework\src\Concerns\RoutesRequests.php(448): Laravel\Lumen\Application->handleFoundRoute(Array)
#9 D:\www\be.doopp.com\vendor\laravel\lumen-framework\src\Concerns\RoutesRequests.php(380): Laravel\Lumen\Application->handleDispatcherResponse(Array)
#10 D:\www\be.doopp.com\vendor\laravel\lumen-framework\src\Concerns\RoutesRequests.php(624): Laravel\Lumen\Application->Laravel\Lumen\Concerns\{closure}()
#11 D:\www\be.doopp.com\vendor\laravel\lumen-framework\src\Concerns\RoutesRequests.php(382): Laravel\Lumen\Application->sendThroughPipeline(Array, Object(Closure))
#12 D:\www\be.doopp.com\vendor\laravel\lumen-framework\src\Concerns\RoutesRequests.php(327): Laravel\Lumen\Application->dispatch(NULL)
#13 D:\www\be.doopp.com\public\index.php(30): Laravel\Lumen\Application->run()
#14 {main}  
[2017-03-24 15:15:00] lumen.ERROR: ErrorException: Undefined variable: model in D:\www\be.doopp.com\app\Http\Controllers\ProjectController.php:119
Stack trace:
#0 D:\www\be.doopp.com\app\Http\Controllers\ProjectController.php(119): Laravel\Lumen\Application->Laravel\Lumen\Concerns\{closure}(8, 'Undefined varia...', 'D:\\www\\be.doopp...', 119, Array)
#1 [internal function]: App\Http\Controllers\ProjectController->data('list')
#2 D:\www\be.doopp.com\vendor\illuminate\container\Container.php(507): call_user_func_array(Array, Array)
#3 D:\www\be.doopp.com\vendor\laravel\lumen-framework\src\Concerns\RoutesRequests.php(581): Illuminate\Container\Container->call(Array, Array)
#4 D:\www\be.doopp.com\vendor\laravel\lumen-framework\src\Concerns\RoutesRequests.php(547): Laravel\Lumen\Application->callControllerCallable(Array, Array)
#5 D:\www\be.doopp.com\vendor\laravel\lumen-framework\src\Concerns\RoutesRequests.php(521): Laravel\Lumen\Application->callLumenController(Object(App\Http\Controllers\ProjectController), 'data', Array)
#6 D:\www\be.doopp.com\vendor\laravel\lumen-framework\src\Concerns\RoutesRequests.php(489): Laravel\Lumen\Application->callControllerAction(Array)
#7 D:\www\be.doopp.com\vendor\laravel\lumen-framework\src\Concerns\RoutesRequests.php(474): Laravel\Lumen\Application->callActionOnArrayBasedRoute(Array)
#8 D:\www\be.doopp.com\vendor\laravel\lumen-framework\src\Concerns\RoutesRequests.php(448): Laravel\Lumen\Application->handleFoundRoute(Array)
#9 D:\www\be.doopp.com\vendor\laravel\lumen-framework\src\Concerns\RoutesRequests.php(380): Laravel\Lumen\Application->handleDispatcherResponse(Array)
#10 D:\www\be.doopp.com\vendor\laravel\lumen-framework\src\Concerns\RoutesRequests.php(624): Laravel\Lumen\Application->Laravel\Lumen\Concerns\{closure}()
#11 D:\www\be.doopp.com\vendor\laravel\lumen-framework\src\Concerns\RoutesRequests.php(382): Laravel\Lumen\Application->sendThroughPipeline(Array, Object(Closure))
#12 D:\www\be.doopp.com\vendor\laravel\lumen-framework\src\Concerns\RoutesRequests.php(327): Laravel\Lumen\Application->dispatch(NULL)
#13 D:\www\be.doopp.com\public\index.php(30): Laravel\Lumen\Application->run()
#14 {main}  
[2017-03-24 15:17:59] lumen.ERROR: ErrorException: Undefined variable: model in D:\www\be.doopp.com\app\Http\Controllers\ProjectController.php:119
Stack trace:
#0 D:\www\be.doopp.com\app\Http\Controllers\ProjectController.php(119): Laravel\Lumen\Application->Laravel\Lumen\Concerns\{closure}(8, 'Undefined varia...', 'D:\\www\\be.doopp...', 119, Array)
#1 [internal function]: App\Http\Controllers\ProjectController->data('list')
#2 D:\www\be.doopp.com\vendor\illuminate\container\Container.php(507): call_user_func_array(Array, Array)
#3 D:\www\be.doopp.com\vendor\laravel\lumen-framework\src\Concerns\RoutesRequests.php(581): Illuminate\Container\Container->call(Array, Array)
#4 D:\www\be.doopp.com\vendor\laravel\lumen-framework\src\Concerns\RoutesRequests.php(547): Laravel\Lumen\Application->callControllerCallable(Array, Array)
#5 D:\www\be.doopp.com\vendor\laravel\lumen-framework\src\Concerns\RoutesRequests.php(521): Laravel\Lumen\Application->callLumenController(Object(App\Http\Controllers\ProjectController), 'data', Array)
#6 D:\www\be.doopp.com\vendor\laravel\lumen-framework\src\Concerns\RoutesRequests.php(489): Laravel\Lumen\Application->callControllerAction(Array)
#7 D:\www\be.doopp.com\vendor\laravel\lumen-framework\src\Concerns\RoutesRequests.php(474): Laravel\Lumen\Application->callActionOnArrayBasedRoute(Array)
#8 D:\www\be.doopp.com\vendor\laravel\lumen-framework\src\Concerns\RoutesRequests.php(448): Laravel\Lumen\Application->handleFoundRoute(Array)
#9 D:\www\be.doopp.com\vendor\laravel\lumen-framework\src\Concerns\RoutesRequests.php(380): Laravel\Lumen\Application->handleDispatcherResponse(Array)
#10 D:\www\be.doopp.com\vendor\laravel\lumen-framework\src\Concerns\RoutesRequests.php(624): Laravel\Lumen\Application->Laravel\Lumen\Concerns\{closure}()
#11 D:\www\be.doopp.com\vendor\laravel\lumen-framework\src\Concerns\RoutesRequests.php(382): Laravel\Lumen\Application->sendThroughPipeline(Array, Object(Closure))
#12 D:\www\be.doopp.com\vendor\laravel\lumen-framework\src\Concerns\RoutesRequests.php(327): Laravel\Lumen\Application->dispatch(NULL)
#13 D:\www\be.doopp.com\public\index.php(30): Laravel\Lumen\Application->run()
#14 {main}  
[2017-03-24 15:18:04] lumen.ERROR: ErrorException: Undefined variable: model in D:\www\be.doopp.com\app\Http\Controllers\ProjectController.php:119
Stack trace:
#0 D:\www\be.doopp.com\app\Http\Controllers\ProjectController.php(119): Laravel\Lumen\Application->Laravel\Lumen\Concerns\{closure}(8, 'Undefined varia...', 'D:\\www\\be.doopp...', 119, Array)
#1 [internal function]: App\Http\Controllers\ProjectController->data('list')
#2 D:\www\be.doopp.com\vendor\illuminate\container\Container.php(507): call_user_func_array(Array, Array)
#3 D:\www\be.doopp.com\vendor\laravel\lumen-framework\src\Concerns\RoutesRequests.php(581): Illuminate\Container\Container->call(Array, Array)
#4 D:\www\be.doopp.com\vendor\laravel\lumen-framework\src\Concerns\RoutesRequests.php(547): Laravel\Lumen\Application->callControllerCallable(Array, Array)
#5 D:\www\be.doopp.com\vendor\laravel\lumen-framework\src\Concerns\RoutesRequests.php(521): Laravel\Lumen\Application->callLumenController(Object(App\Http\Controllers\ProjectController), 'data', Array)
#6 D:\www\be.doopp.com\vendor\laravel\lumen-framework\src\Concerns\RoutesRequests.php(489): Laravel\Lumen\Application->callControllerAction(Array)
#7 D:\www\be.doopp.com\vendor\laravel\lumen-framework\src\Concerns\RoutesRequests.php(474): Laravel\Lumen\Application->callActionOnArrayBasedRoute(Array)
#8 D:\www\be.doopp.com\vendor\laravel\lumen-framework\src\Concerns\RoutesRequests.php(448): Laravel\Lumen\Application->handleFoundRoute(Array)
#9 D:\www\be.doopp.com\vendor\laravel\lumen-framework\src\Concerns\RoutesRequests.php(380): Laravel\Lumen\Application->handleDispatcherResponse(Array)
#10 D:\www\be.doopp.com\vendor\laravel\lumen-framework\src\Concerns\RoutesRequests.php(624): Laravel\Lumen\Application->Laravel\Lumen\Concerns\{closure}()
#11 D:\www\be.doopp.com\vendor\laravel\lumen-framework\src\Concerns\RoutesRequests.php(382): Laravel\Lumen\Application->sendThroughPipeline(Array, Object(Closure))
#12 D:\www\be.doopp.com\vendor\laravel\lumen-framework\src\Concerns\RoutesRequests.php(327): Laravel\Lumen\Application->dispatch(NULL)
#13 D:\www\be.doopp.com\public\index.php(30): Laravel\Lumen\Application->run()
#14 {main}  
[2017-03-24 15:19:03] lumen.ERROR: ErrorException: Undefined variable: model in D:\www\be.doopp.com\app\Http\Controllers\ProjectController.php:119
Stack trace:
#0 D:\www\be.doopp.com\app\Http\Controllers\ProjectController.php(119): Laravel\Lumen\Application->Laravel\Lumen\Concerns\{closure}(8, 'Undefined varia...', 'D:\\www\\be.doopp...', 119, Array)
#1 [internal function]: App\Http\Controllers\ProjectController->data('list')
#2 D:\www\be.doopp.com\vendor\illuminate\container\Container.php(507): call_user_func_array(Array, Array)
#3 D:\www\be.doopp.com\vendor\laravel\lumen-framework\src\Concerns\RoutesRequests.php(581): Illuminate\Container\Container->call(Array, Array)
#4 D:\www\be.doopp.com\vendor\laravel\lumen-framework\src\Concerns\RoutesRequests.php(547): Laravel\Lumen\Application->callControllerCallable(Array, Array)
#5 D:\www\be.doopp.com\vendor\laravel\lumen-framework\src\Concerns\RoutesRequests.php(521): Laravel\Lumen\Application->callLumenController(Object(App\Http\Controllers\ProjectController), 'data', Array)
#6 D:\www\be.doopp.com\vendor\laravel\lumen-framework\src\Concerns\RoutesRequests.php(489): Laravel\Lumen\Application->callControllerAction(Array)
#7 D:\www\be.doopp.com\vendor\laravel\lumen-framework\src\Concerns\RoutesRequests.php(474): Laravel\Lumen\Application->callActionOnArrayBasedRoute(Array)
#8 D:\www\be.doopp.com\vendor\laravel\lumen-framework\src\Concerns\RoutesRequests.php(448): Laravel\Lumen\Application->handleFoundRoute(Array)
#9 D:\www\be.doopp.com\vendor\laravel\lumen-framework\src\Concerns\RoutesRequests.php(380): Laravel\Lumen\Application->handleDispatcherResponse(Array)
#10 D:\www\be.doopp.com\vendor\laravel\lumen-framework\src\Concerns\RoutesRequests.php(624): Laravel\Lumen\Application->Laravel\Lumen\Concerns\{closure}()
#11 D:\www\be.doopp.com\vendor\laravel\lumen-framework\src\Concerns\RoutesRequests.php(382): Laravel\Lumen\Application->sendThroughPipeline(Array, Object(Closure))
#12 D:\www\be.doopp.com\vendor\laravel\lumen-framework\src\Concerns\RoutesRequests.php(327): Laravel\Lumen\Application->dispatch(NULL)
#13 D:\www\be.doopp.com\public\index.php(30): Laravel\Lumen\Application->run()
#14 {main}  
